<?xml version="1.0" encoding="UTF-8"?>
<!-- Generated by org.testng.reporters.JUnitXMLReporter -->
<testsuite ignored="1" hostname="DESKTOP-QA9DDMF" failures="0" tests="1" name="Default test(failed)" time="17.487" errors="0" timestamp="2023-11-27T01:41:04 IST">
  <testcase classname="testScripts.GooglePageTest" name="seleniumSearchTest" time="12.713"/>
  <testcase classname="testScripts.GooglePageTest" name="javaSearchTest" time="0.0">
    <ignored/>
  </testcase> <!-- javaSearchTest -->
</testsuite> <!-- Default test(failed) -->
