<?xml version="1.0" encoding="UTF-8"?>
<!-- Generated by org.testng.reporters.JUnitXMLReporter -->
<testsuite ignored="0" hostname="DESKTOP-QA9DDMF" failures="0" tests="10" name="Default test" time="0.168" errors="0" timestamp="2023-11-27T18:56:41 IST">
  <testcase classname="parallelScripts.SampleOneTest" name="testOne" time="0.015"/>
  <testcase classname="parallelScripts.SampleOneTest" name="testThree" time="0.009"/>
  <testcase classname="parallelScripts.SampleOneTest" name="testThree" time="0.009"/>
  <testcase classname="parallelScripts.SampleOneTest" name="testThree" time="0.009"/>
  <testcase classname="parallelScripts.SampleOneTest" name="testThree" time="0.011"/>
  <testcase classname="parallelScripts.SampleOneTest" name="testThree" time="0.012"/>
  <testcase classname="parallelScripts.SampleOneTest" name="testThree" time="0.005"/>
  <testcase classname="parallelScripts.SampleOneTest" name="testThree" time="0.011"/>
  <testcase classname="parallelScripts.SampleOneTest" name="testThree" time="0.066"/>
  <testcase classname="parallelScripts.SampleOneTest" name="testTwo" time="0.002"/>
</testsuite> <!-- Default test -->
