<?xml version="1.0" encoding="UTF-8"?>
<!-- Generated by org.testng.reporters.JUnitXMLReporter -->
<testsuite ignored="0" hostname="DESKTOP-QA9DDMF" failures="1" tests="2" name="ModuleOneTest" time="26.378" errors="0" timestamp="2023-11-28T18:04:36 IST">
  <testcase classname="testScripts.GooglePageParametrizationTest" name="javaSearchTest" time="10.184"/>
  <testcase classname="testScripts.GooglePageParametrizationTest" name="seleniumSearchTest" time="6.143">
    <failure type="java.lang.AssertionError" message="expected [Selenium Tutorial - Google Search Page] but found [Selenium Tutorial - Google Search]">
      <![CDATA[java.lang.AssertionError: expected [Selenium Tutorial - Google Search Page] but found [Selenium Tutorial - Google Search]
at testScripts.GooglePageParametrizationTest.seleniumSearchTest(GooglePageParametrizationTest.java:98)
at java.base/java.util.ArrayList.forEach(ArrayList.java:1511)
... Removed 33 stack frames]]>
    </failure>
  </testcase> <!-- seleniumSearchTest -->
</testsuite> <!-- ModuleOneTest -->
