<?xml version="1.0" encoding="UTF-8"?>
<!-- Generated by org.testng.reporters.JUnitXMLReporter -->
<testsuite ignored="0" hostname="DESKTOP-QA9DDMF" failures="0" tests="3" name="ModuleTwoTest" time="0.155" errors="0" timestamp="2023-11-27T18:47:58 IST">
  <testcase classname="parallelScripts.SampleOneTest" name="testOne" time="0.018"/>
  <testcase classname="parallelScripts.SampleOneTest" name="testThree" time="0.018"/>
  <testcase classname="parallelScripts.SampleOneTest" name="testTwo" time="0.008"/>
</testsuite> <!-- ModuleTwoTest -->
