<?xml version="1.0" encoding="UTF-8"?>
<testng-results ignored="0" total="1" passed="1" failed="0" skipped="0">
  <reporter-output>
  </reporter-output>
  <suite started-at="2023-11-28T19:53:01 IST" name="Default suite" finished-at="2023-11-28T19:53:11 IST" duration-ms="10096">
    <groups>
    </groups>
    <test started-at="2023-11-28T19:53:01 IST" name="Default test" finished-at="2023-11-28T19:53:11 IST" duration-ms="10096">
      <class name="testScripts.CDPTest">
        <test-method is-config="true" signature="setup()[pri:0, instance:testScripts.CDPTest@7bd4937b]" started-at="2023-11-28T19:53:01 IST" name="setup" finished-at="2023-11-28T19:53:06 IST" duration-ms="5176" status="PASS">
          <reporter-output>
          </reporter-output>
        </test-method> <!-- setup -->
        <test-method signature="basicAuthTest()[pri:0, instance:testScripts.CDPTest@7bd4937b]" started-at="2023-11-28T19:53:06 IST" name="basicAuthTest" finished-at="2023-11-28T19:53:11 IST" duration-ms="4865" status="PASS">
          <reporter-output>
          </reporter-output>
        </test-method> <!-- basicAuthTest -->
      </class> <!-- testScripts.CDPTest -->
    </test> <!-- Default test -->
  </suite> <!-- Default suite -->
</testng-results>
