<?xml version="1.0" encoding="UTF-8"?>
<testng-results ignored="0" total="3" passed="3" failed="0" skipped="0">
  <reporter-output>
  </reporter-output>
  <suite started-at="2023-11-27T01:42:40 IST" name="SampleSuite" finished-at="2023-11-27T01:43:19 IST" duration-ms="39076">
    <groups>
    </groups>
    <test started-at="2023-11-27T01:42:40 IST" name="ModuleOneTest" finished-at="2023-11-27T01:43:19 IST" duration-ms="39076">
      <class name="testScripts.GooglePageTest">
        <test-method is-config="true" signature="setup()[pri:0, instance:testScripts.GooglePageTest@58695725]" started-at="2023-11-27T01:42:40 IST" name="setup" finished-at="2023-11-27T01:42:44 IST" duration-ms="3617" status="PASS">
          <reporter-output>
          </reporter-output>
        </test-method> <!-- setup -->
        <test-method signature="javaSearchTest()[pri:0, instance:testScripts.GooglePageTest@58695725]" started-at="2023-11-27T01:42:44 IST" name="javaSearchTest" finished-at="2023-11-27T01:42:55 IST" duration-ms="10966" status="PASS">
          <reporter-output>
          </reporter-output>
        </test-method> <!-- javaSearchTest -->
        <test-method signature="seleniumSearchTest()[pri:0, instance:testScripts.GooglePageTest@58695725]" started-at="2023-11-27T01:42:55 IST" name="seleniumSearchTest" finished-at="2023-11-27T01:43:01 IST" duration-ms="6369" status="PASS">
          <reporter-output>
          </reporter-output>
        </test-method> <!-- seleniumSearchTest -->
        <test-method is-config="true" signature="tearDown()[pri:0, instance:testScripts.GooglePageTest@58695725]" started-at="2023-11-27T01:43:19 IST" name="tearDown" finished-at="2023-11-27T01:43:19 IST" duration-ms="515" status="PASS">
          <reporter-output>
          </reporter-output>
        </test-method> <!-- tearDown -->
      </class> <!-- testScripts.GooglePageTest -->
      <class name="testScripts.SampleTwoTest">
        <test-method signature="playwrightSearchTest()[pri:0, instance:testScripts.SampleTwoTest@21e360a]" started-at="2023-11-27T01:43:01 IST" name="playwrightSearchTest" finished-at="2023-11-27T01:43:19 IST" duration-ms="17486" status="PASS">
          <reporter-output>
          </reporter-output>
        </test-method> <!-- playwrightSearchTest -->
      </class> <!-- testScripts.SampleTwoTest -->
    </test> <!-- ModuleOneTest -->
  </suite> <!-- SampleSuite -->
</testng-results>
